<?xml version="1.0" encoding="UTF-8"?>
<!-- Generated by org.testng.reporters.JUnitXMLReporter -->
<testsuite ignored="0" hostname="CAESAR" failures="0" tests="4" name="Test" time="8.167" errors="0" timestamp="2023-02-28T20:13:24 GET">
  <testcase classname="chain.copy.ChainingCreateUser" name="createUser" time="5.782"/>
  <testcase classname="chain.copy.ChainingGetUser" name="getUser" time="0.871"/>
  <testcase classname="chain.copy.ChainingUpdateUser" name="updateUser" time="0.923"/>
  <testcase classname="chain.copy.ChainingDeleteUser" name="deleteUser" time="0.516"/>
</testsuite> <!-- Test -->
